<?xml version="1.0" encoding="UTF-8"?>
<robot generator="Robot 4.0.3 (Python 3.9.6 on win32)" generated="20210803 08:32:04.481" rpa="false" schemaversion="2">
<suite id="s1" name="Kekaauto" source="C:\Users\ASSiddesh\PycharmProjects\pythonProject\keka\kekaauto.robot">
<test id="s1-t1" name="Valid Test">
<kw name="Open Browser To flipkart">
<kw name="Open Browser" library="SeleniumLibrary">
<arg>${URL}</arg>
<arg>${BROWSER}</arg>
<doc>Opens a new browser instance to the given ``url``.</doc>
<msg timestamp="20210803 08:32:04.794" level="INFO">Opening browser 'ff' to base url 'https://flipkart.com'.</msg>
<status status="PASS" starttime="20210803 08:32:04.794" endtime="20210803 08:32:26.406"/>
</kw>
<status status="PASS" starttime="20210803 08:32:04.794" endtime="20210803 08:32:26.406"/>
</kw>
<kw name="Input username">
<arg>7975869561</arg>
<kw name="Input Text" library="SeleniumLibrary">
<arg>//html/body/div[2]/div/div/div/div/div[2]/div/form/div[1]/input</arg>
<arg>${username}</arg>
<doc>Types the given ``text`` into text field identified by ``locator``.</doc>
<msg timestamp="20210803 08:32:26.410" level="INFO">Typing text '7975869561' into text field '//html/body/div[2]/div/div/div/div/div[2]/div/form/div[1]/input'.</msg>
<status status="PASS" starttime="20210803 08:32:26.409" endtime="20210803 08:32:26.546"/>
</kw>
<status status="PASS" starttime="20210803 08:32:26.408" endtime="20210803 08:32:26.547"/>
</kw>
<kw name="Input password">
<arg>DURKj4bTvdkLwgK</arg>
<kw name="Input Text" library="SeleniumLibrary">
<arg>//html/body/div[2]/div/div/div/div/div[2]/div/form/div[2]/input</arg>
<arg>${password}</arg>
<doc>Types the given ``text`` into text field identified by ``locator``.</doc>
<msg timestamp="20210803 08:32:26.550" level="INFO">Typing text 'DURKj4bTvdkLwgK' into text field '//html/body/div[2]/div/div/div/div/div[2]/div/form/div[2]/input'.</msg>
<status status="PASS" starttime="20210803 08:32:26.549" endtime="20210803 08:32:26.620"/>
</kw>
<status status="PASS" starttime="20210803 08:32:26.548" endtime="20210803 08:32:26.621"/>
</kw>
<kw name="Login">
<kw name="Click Button" library="SeleniumLibrary">
<arg>//html/body/div[2]/div/div/div/div/div[2]/div/form/div[4]/button</arg>
<doc>Clicks button identified by ``locator``.</doc>
<msg timestamp="20210803 08:32:26.622" level="INFO">Clicking button '//html/body/div[2]/div/div/div/div/div[2]/div/form/div[4]/button'.</msg>
<status status="PASS" starttime="20210803 08:32:26.622" endtime="20210803 08:32:26.894"/>
</kw>
<kw name="Sleep" library="BuiltIn">
<arg>3s</arg>
<doc>Pauses the test executed for the given time.</doc>
<msg timestamp="20210803 08:32:29.904" level="INFO">Slept 3 seconds</msg>
<status status="PASS" starttime="20210803 08:32:26.895" endtime="20210803 08:32:29.904"/>
</kw>
<status status="PASS" starttime="20210803 08:32:26.621" endtime="20210803 08:32:29.905"/>
</kw>
<kw name="Press electronics &amp; add to cart">
<kw name="Click Image" library="SeleniumLibrary">
<arg>//*[@id="container"]/div/div[2]/div/div/div[3]/a/div[1]/div/img</arg>
<doc>Clicks an image identified by ``locator``.</doc>
<msg timestamp="20210803 08:32:29.908" level="INFO">Clicking image '//*[@id="container"]/div/div[2]/div/div/div[3]/a/div[1]/div/img'.</msg>
<status status="PASS" starttime="20210803 08:32:29.908" endtime="20210803 08:32:30.176"/>
</kw>
<kw name="Sleep" library="BuiltIn">
<arg>3s</arg>
<doc>Pauses the test executed for the given time.</doc>
<msg timestamp="20210803 08:32:33.182" level="INFO">Slept 3 seconds</msg>
<status status="PASS" starttime="20210803 08:32:30.177" endtime="20210803 08:32:33.183"/>
</kw>
<kw name="Click Image" library="SeleniumLibrary">
<arg>//img[@alt='iPhone']</arg>
<doc>Clicks an image identified by ``locator``.</doc>
<msg timestamp="20210803 08:32:33.184" level="INFO">Clicking image '//img[@alt='iPhone']'.</msg>
<status status="PASS" starttime="20210803 08:32:33.183" endtime="20210803 08:32:33.439"/>
</kw>
<kw name="Sleep" library="BuiltIn">
<arg>3s</arg>
<doc>Pauses the test executed for the given time.</doc>
<msg timestamp="20210803 08:32:36.451" level="INFO">Slept 3 seconds</msg>
<status status="PASS" starttime="20210803 08:32:33.439" endtime="20210803 08:32:36.451"/>
</kw>
<kw name="Click Image" library="SeleniumLibrary">
<arg>//img[@alt='APPLE iPhone 12 (Blue, 128 GB)']</arg>
<doc>Clicks an image identified by ``locator``.</doc>
<msg timestamp="20210803 08:32:36.453" level="INFO">Clicking image '//img[@alt='APPLE iPhone 12 (Blue, 128 GB)']'.</msg>
<status status="PASS" starttime="20210803 08:32:36.452" endtime="20210803 08:32:36.726"/>
</kw>
<kw name="Sleep" library="BuiltIn">
<arg>3s</arg>
<doc>Pauses the test executed for the given time.</doc>
<msg timestamp="20210803 08:32:39.731" level="INFO">Slept 3 seconds</msg>
<status status="PASS" starttime="20210803 08:32:36.727" endtime="20210803 08:32:39.731"/>
</kw>
<kw name="Select Window" library="SeleniumLibrary">
<arg>Buy Apple iPhone 12 ( 128 GB Storage ) Online at Best Price On Flipkart.com</arg>
<doc>Selects browser window matching ``locator``.</doc>
<status status="PASS" starttime="20210803 08:32:39.731" endtime="20210803 08:32:39.828"/>
</kw>
<kw name="Click Button" library="SeleniumLibrary">
<arg>//button[normalize-space()='ADD TO CART']</arg>
<doc>Clicks button identified by ``locator``.</doc>
<msg timestamp="20210803 08:32:39.829" level="INFO">Clicking button '//button[normalize-space()='ADD TO CART']'.</msg>
<status status="PASS" starttime="20210803 08:32:39.828" endtime="20210803 08:32:40.092"/>
</kw>
<kw name="Sleep" library="BuiltIn">
<arg>3s</arg>
<doc>Pauses the test executed for the given time.</doc>
<msg timestamp="20210803 08:32:43.108" level="INFO">Slept 3 seconds</msg>
<status status="PASS" starttime="20210803 08:32:40.092" endtime="20210803 08:32:43.108"/>
</kw>
<kw name="Click Image" library="SeleniumLibrary">
<arg>//img[@title='Flipkart']</arg>
<doc>Clicks an image identified by ``locator``.</doc>
<msg timestamp="20210803 08:32:43.109" level="INFO">Clicking image '//img[@title='Flipkart']'.</msg>
<status status="PASS" starttime="20210803 08:32:43.109" endtime="20210803 08:32:43.363"/>
</kw>
<kw name="Sleep" library="BuiltIn">
<arg>3s</arg>
<doc>Pauses the test executed for the given time.</doc>
<msg timestamp="20210803 08:32:46.365" level="INFO">Slept 3 seconds</msg>
<status status="PASS" starttime="20210803 08:32:43.363" endtime="20210803 08:32:46.365"/>
</kw>
<kw name="Click Element" library="SeleniumLibrary">
<arg>//span[normalize-space()='Cart']</arg>
<doc>Click element identified by ``locator``.</doc>
<msg timestamp="20210803 08:32:46.366" level="INFO">Clicking element '//span[normalize-space()='Cart']'.</msg>
<status status="PASS" starttime="20210803 08:32:46.365" endtime="20210803 08:32:46.658"/>
</kw>
<kw name="Get Text" library="SeleniumLibrary">
<var>${cart}</var>
<arg>//a[normalize-space()='APPLE iPhone 12 (Blue, 128 GB)']</arg>
<doc>Returns the text value of element identified by ``locator``.</doc>
<msg timestamp="20210803 08:32:46.686" level="INFO">${cart} = APPLE iPhone 12 (Blue, 128 GB)</msg>
<status status="PASS" starttime="20210803 08:32:46.658" endtime="20210803 08:32:46.686"/>
</kw>
<status status="PASS" starttime="20210803 08:32:29.907" endtime="20210803 08:32:46.686"/>
</kw>
<kw name="Close Browser" library="SeleniumLibrary" type="TEARDOWN">
<doc>Closes the current browser.</doc>
<status status="PASS" starttime="20210803 08:32:46.687" endtime="20210803 08:32:48.530"/>
</kw>
<status status="PASS" starttime="20210803 08:32:04.793" endtime="20210803 08:32:48.531"/>
</test>
<doc>Testing on FLIPKART</doc>
<status status="PASS" starttime="20210803 08:32:04.485" endtime="20210803 08:32:48.534"/>
</suite>
<statistics>
<total>
<stat pass="1" fail="0" skip="0">All Tests</stat>
</total>
<tag>
</tag>
<suite>
<stat pass="1" fail="0" skip="0" id="s1" name="Kekaauto">Kekaauto</stat>
</suite>
</statistics>
<errors>
</errors>
</robot>
